app/build/intermediates/manifest_merge_blame_file/debug/manifest-merger-blame-debug-report.txt
1<?xml version="1.0" encoding="utf-8"?>
2<manifest xmlns:android="http://schemas.android.com/apk/res/android"
3    package="com.closetkeeper.dressy"
4    android:versionCode="1"
5    android:versionName="1.0" >
6
7    <uses-sdk
8        android:minSdkVersion="22"
8-->src\main\AndroidManifest.xml
9        android:targetSdkVersion="32" />
9-->src\main\AndroidManifest.xml
10
11    <application
11-->src\main\AndroidManifest.xml:6:5-122:19
12        android:allowBackup="true"
12-->src\main\AndroidManifest.xml:7:9-35
13        android:appComponentFactory="androidx.core.app.CoreComponentFactory"
13-->[androidx.core:core:1.5.0] AndroidManifest.xml:24:18-86
14        android:dataExtractionRules="@xml/data_extraction_rules"
14-->src\main\AndroidManifest.xml:8:9-65
15        android:debuggable="true"
16        android:fullBackupContent="@xml/backup_rules"
16-->src\main\AndroidManifest.xml:9:9-54
17        android:icon="@mipmap/ic_launcher"
17-->src\main\AndroidManifest.xml:10:9-43
18        android:label="@string/app_name"
18-->src\main\AndroidManifest.xml:11:9-41
19        android:roundIcon="@mipmap/ic_launcher_round"
19-->src\main\AndroidManifest.xml:12:9-54
20        android:supportsRtl="true"
20-->src\main\AndroidManifest.xml:13:9-35
21        android:testOnly="true"
22        android:theme="@style/Theme.Dressy" >
22-->src\main\AndroidManifest.xml:14:9-44
23        <activity
23-->src\main\AndroidManifest.xml:16:9-22:20
24            android:name="com.closetkeeper.dressy.my_outfits"
24-->src\main\AndroidManifest.xml:17:13-39
25            android:exported="false" >
25-->src\main\AndroidManifest.xml:18:13-37
26            <meta-data
26-->src\main\AndroidManifest.xml:19:13-21:36
27                android:name="android.app.lib_name"
27-->src\main\AndroidManifest.xml:20:17-52
28                android:value="" />
28-->src\main\AndroidManifest.xml:21:17-33
29        </activity>
30        <activity
30-->src\main\AndroidManifest.xml:23:9-29:20
31            android:name="com.closetkeeper.dressy.my_closets"
31-->src\main\AndroidManifest.xml:24:13-39
32            android:exported="false" >
32-->src\main\AndroidManifest.xml:25:13-37
33            <meta-data
33-->src\main\AndroidManifest.xml:19:13-21:36
34                android:name="android.app.lib_name"
34-->src\main\AndroidManifest.xml:20:17-52
35                android:value="" />
35-->src\main\AndroidManifest.xml:21:17-33
36        </activity>
37        <activity
37-->src\main\AndroidManifest.xml:30:9-36:20
38            android:name="com.closetkeeper.dressy.ootd"
38-->src\main\AndroidManifest.xml:31:13-33
39            android:exported="false" >
39-->src\main\AndroidManifest.xml:32:13-37
40            <meta-data
40-->src\main\AndroidManifest.xml:19:13-21:36
41                android:name="android.app.lib_name"
41-->src\main\AndroidManifest.xml:20:17-52
42                android:value="" />
42-->src\main\AndroidManifest.xml:21:17-33
43        </activity>
44        <activity
44-->src\main\AndroidManifest.xml:37:9-43:20
45            android:name="com.closetkeeper.dressy.outfit_canvas"
45-->src\main\AndroidManifest.xml:38:13-42
46            android:exported="false" >
46-->src\main\AndroidManifest.xml:39:13-37
47            <meta-data
47-->src\main\AndroidManifest.xml:19:13-21:36
48                android:name="android.app.lib_name"
48-->src\main\AndroidManifest.xml:20:17-52
49                android:value="" />
49-->src\main\AndroidManifest.xml:21:17-33
50        </activity>
51        <activity
51-->src\main\AndroidManifest.xml:44:9-50:20
52            android:name="com.closetkeeper.dressy.home"
52-->src\main\AndroidManifest.xml:45:13-33
53            android:exported="false" >
53-->src\main\AndroidManifest.xml:46:13-37
54            <meta-data
54-->src\main\AndroidManifest.xml:19:13-21:36
55                android:name="android.app.lib_name"
55-->src\main\AndroidManifest.xml:20:17-52
56                android:value="" />
56-->src\main\AndroidManifest.xml:21:17-33
57        </activity>
58        <activity
58-->src\main\AndroidManifest.xml:51:9-57:20
59            android:name="com.closetkeeper.dressy.selectOutfit"
59-->src\main\AndroidManifest.xml:52:13-41
60            android:exported="false" >
60-->src\main\AndroidManifest.xml:53:13-37
61            <meta-data
61-->src\main\AndroidManifest.xml:19:13-21:36
62                android:name="android.app.lib_name"
62-->src\main\AndroidManifest.xml:20:17-52
63                android:value="" />
63-->src\main\AndroidManifest.xml:21:17-33
64        </activity>
65        <activity
65-->src\main\AndroidManifest.xml:58:9-64:20
66            android:name="com.closetkeeper.dressy.selectCloset"
66-->src\main\AndroidManifest.xml:59:13-41
67            android:exported="false" >
67-->src\main\AndroidManifest.xml:60:13-37
68            <meta-data
68-->src\main\AndroidManifest.xml:19:13-21:36
69                android:name="android.app.lib_name"
69-->src\main\AndroidManifest.xml:20:17-52
70                android:value="" />
70-->src\main\AndroidManifest.xml:21:17-33
71        </activity>
72        <activity
72-->src\main\AndroidManifest.xml:65:9-71:20
73            android:name="com.closetkeeper.dressy.calendar"
73-->src\main\AndroidManifest.xml:66:13-37
74            android:exported="false" >
74-->src\main\AndroidManifest.xml:67:13-37
75            <meta-data
75-->src\main\AndroidManifest.xml:19:13-21:36
76                android:name="android.app.lib_name"
76-->src\main\AndroidManifest.xml:20:17-52
77                android:value="" />
77-->src\main\AndroidManifest.xml:21:17-33
78        </activity>
79        <activity
79-->src\main\AndroidManifest.xml:72:9-78:20
80            android:name="com.closetkeeper.dressy.createCloset"
80-->src\main\AndroidManifest.xml:73:13-41
81            android:exported="false" >
81-->src\main\AndroidManifest.xml:74:13-37
82            <meta-data
82-->src\main\AndroidManifest.xml:19:13-21:36
83                android:name="android.app.lib_name"
83-->src\main\AndroidManifest.xml:20:17-52
84                android:value="" />
84-->src\main\AndroidManifest.xml:21:17-33
85        </activity>
86        <activity
86-->src\main\AndroidManifest.xml:79:9-85:20
87            android:name="com.closetkeeper.dressy.createOutfit"
87-->src\main\AndroidManifest.xml:80:13-41
88            android:exported="false" >
88-->src\main\AndroidManifest.xml:81:13-37
89            <meta-data
89-->src\main\AndroidManifest.xml:19:13-21:36
90                android:name="android.app.lib_name"
90-->src\main\AndroidManifest.xml:20:17-52
91                android:value="" />
91-->src\main\AndroidManifest.xml:21:17-33
92        </activity>
93        <activity
93-->src\main\AndroidManifest.xml:86:9-92:20
94            android:name="com.closetkeeper.dressy.sign_up"
94-->src\main\AndroidManifest.xml:87:13-36
95            android:exported="false" >
95-->src\main\AndroidManifest.xml:88:13-37
96            <meta-data
96-->src\main\AndroidManifest.xml:19:13-21:36
97                android:name="android.app.lib_name"
97-->src\main\AndroidManifest.xml:20:17-52
98                android:value="" />
98-->src\main\AndroidManifest.xml:21:17-33
99        </activity>
100        <activity
100-->src\main\AndroidManifest.xml:93:9-99:20
101            android:name="com.closetkeeper.dressy.sign_in"
101-->src\main\AndroidManifest.xml:94:13-36
102            android:exported="false" >
102-->src\main\AndroidManifest.xml:95:13-37
103            <meta-data
103-->src\main\AndroidManifest.xml:19:13-21:36
104                android:name="android.app.lib_name"
104-->src\main\AndroidManifest.xml:20:17-52
105                android:value="" />
105-->src\main\AndroidManifest.xml:21:17-33
106        </activity>
107        <activity
107-->src\main\AndroidManifest.xml:100:9-108:20
108            android:name="com.closetkeeper.dressy.access"
108-->src\main\AndroidManifest.xml:101:13-35
109            android:exported="true" >
109-->src\main\AndroidManifest.xml:102:13-36
110
111            <!-- This code makes the current page the first to be loaded -->
112            <meta-data
112-->src\main\AndroidManifest.xml:19:13-21:36
113                android:name="android.app.lib_name"
113-->src\main\AndroidManifest.xml:20:17-52
114                android:value="" />
114-->src\main\AndroidManifest.xml:21:17-33
115        </activity>
116        <activity
116-->src\main\AndroidManifest.xml:109:9-117:20
117            android:name="com.closetkeeper.dressy.ui.MainActivity"
117-->src\main\AndroidManifest.xml:110:13-44
118            android:exported="true" >
118-->src\main\AndroidManifest.xml:111:13-36
119            <intent-filter>
119-->src\main\AndroidManifest.xml:112:13-116:29
120                <action android:name="android.intent.action.MAIN" />
120-->src\main\AndroidManifest.xml:113:17-69
120-->src\main\AndroidManifest.xml:113:25-66
121
122                <category android:name="android.intent.category.LAUNCHER" />
122-->src\main\AndroidManifest.xml:115:17-77
122-->src\main\AndroidManifest.xml:115:27-74
123            </intent-filter>
124        </activity>
125
126        <meta-data
126-->src\main\AndroidManifest.xml:119:9-121:57
127            android:name="preloaded_fonts"
127-->src\main\AndroidManifest.xml:120:13-43
128            android:resource="@array/preloaded_fonts" />
128-->src\main\AndroidManifest.xml:121:13-54
129    </application>
130
131</manifest>